[    0.000000 Linux version 4.15.0-46-generic (buildd@lgw01-amd64-038) (gcc version 7.3.0 (Ubuntu 7.3.0-16ubuntu3)) #49-Ubuntu SMP Wed Feb 6 09:33:07 UTC 2019 (Ubuntu 4.15.0-46.49-generic 4.15.18)
[    0.000000] Command line: BOOT_IMAGE=/boot/vmlinuz-4.15.0-46-generic root=UUID=3e590d34-5868-490c-8245-579e7f2d4f0b ro console=tty1 console=ttyS0
[    0.000000] KERNEL supported cpus:
[    0.000000]   Intel GenuineIntel
[    0.000000]   AMD AuthenticAMD
[    0.000000]   Centaur CentaurHauls
[    0.000000] x86/fpu: Supporting XSAVE feature 0x001: 'x87 floating point registers'
[    0.000000] x86/fpu: Supporting XSAVE feature 0x002: 'SSE registers'
[    0.000000] x86/fpu: Enabled xstate features 0x3, context size is 576 bytes, using 'standard' format.
[    0.000000] e820: BIOS-provided physical RAM map:
[    0.000000] BIOS-e820: [mem 0x0000000000000000-0x000000000009fbff] usable
[    0.000000] BIOS-e820: [mem 0x000000000009fc00-0x000000000009ffff] reserved
[    0.000000] BIOS-e820: [mem 0x00000000000f0000-0x00000000000fffff] reserved
[    0.000000] BIOS-e820: [mem 0x0000000000100000-0x000000003ffeffff] usable
[    0.000000] BIOS-e820: [mem 0x000000003fff0000-0x000000003fffffff] ACPI data
[    0.000000] BIOS-e820: [mem 0x00000000fec00000-0x00000000fec00fff] reserved
[    0.000000] BIOS-e820: [mem 0x00000000fee00000-0x00000000fee00fff] reserved
[    0.000000] BIOS-e820: [mem 0x00000000fffc0000-0x00000000ffffffff] reserved
[    0.000000] NX (Execute Disable) protection: active
[    0.000000] SMBIOS 2.5 present.
[    0.000000] DMI: innotek GmbH VirtualBox/VirtualBox, BIOS VirtualBox 12/01/2006
[    0.000000] Hypervisor detected: KVM
[    0.000000] e820: last_pfn = 0x3fff0 max_arch_pfn = 0x400000000
[    0.000000] MTRR: Disabled
[    0.000000] x86/PAT: MTRRs disabled, skipping PAT initialization too.
[    0.000000] CPU MTRRs all blank - virtualized system.
[    0.000000] x86/PAT: Configuration [0-7]: WB  WT  UC- UC  WB  WT  UC- UC  
[    0.000000] found SMP MP-table at [mem 0x0009fff0-0x0009ffff] mapped at [        (ptrval)]
[    0.000000] Scanning 1 areas for low memory corruption
[    0.000000] RAMDISK: [mem 0x359d7000-0x36ce2fff]
[    0.000000] ACPI: Early table checksum verification disabled
[    0.000000] ACPI: RSDP 0x00000000000E0000 000024 (v02 VBOX  )
[    0.000000] ACPI: XSDT 0x000000003FFF0030 00003C (v01 VBOX   VBOXXSDT 00000001 ASL  00000061)
[    0.000000] ACPI: FACP 0x000000003FFF00F0 0000F4 (v04 VBOX   VBOXFACP 00000001 ASL  00000061)
[    0.000000] ACPI: DSDT 0x000000003FFF0470 0021FF (v02 VBOX   VBOXBIOS 00000002 INTL 20100528)
[    0.000000] ACPI: FACS 0x000000003FFF0200 000040
[    0.000000] ACPI: FACS 0x000000003FFF0200 000040
[    0.000000] ACPI: APIC 0x000000003FFF0240 00005C (v02 VBOX   VBOXAPIC 00000001 ASL  00000061)
[    0.000000] ACPI: SSDT 0x000000003FFF02A0 0001CC (v01 VBOX   VBOXCPUT 00000002 INTL 20100528)
[    0.000000] No NUMA configuration found
[    0.000000] Faking a node at [mem 0x0000000000000000-0x000000003ffeffff]
[    0.000000] NODE_DATA(0) allocated [mem 0x3ffc5000-0x3ffeffff]
[    0.000000] kvm-clock: cpu 0, msr 0:3ff44001, primary cpu clock
[    0.000000] kvm-clock: Using msrs 4b564d01 and 4b564d00
[    0.000000] kvm-clock: using sched offset of 5669416749 cycles
[    0.000000] clocksource: kvm-clock: mask: 0xffffffffffffffff max_cycles: 0x1cd42e4dffb, max_idle_ns: 881590591483 ns
[    0.000000] Zone ranges:
[    0.000000]   DMA      [mem 0x0000000000001000-0x0000000000ffffff]
[    0.000000]   DMA32    [mem 0x0000000001000000-0x000000003ffeffff]
[    0.000000]   Normal   empty
[    0.000000]   Device   empty
[    0.000000] Movable zone start for each node
[    0.000000] Early memory node ranges
[    0.000000]   node   0: [mem 0x0000000000001000-0x000000000009efff]
[    0.000000]   node   0: [mem 0x0000000000100000-0x000000003ffeffff]
[    0.000000] Reserved but unavailable: 114 pages
[    0.000000] Initmem setup node 0 [mem 0x0000000000001000-0x000000003ffeffff]
[    0.000000] ACPI: PM-Timer IO Port: 0x4008
[    0.000000] IOAPIC[0]: apic_id 2, version 32, address 0xfec00000, GSI 0-23
[    0.000000] ACPI: INT_SRC_OVR (bus 0 bus_irq 0 global_irq 2 dfl dfl)
[    0.000000] ACPI: INT_SRC_OVR (bus 0 bus_irq 9 global_irq 9 low level)
[    0.000000] Using ACPI (MADT) for SMP configuration information
[    0.000000] smpboot: Allowing 2 CPUs, 0 hotplug CPUs
[    0.000000] PM: Registered nosave memory: [mem 0x00000000-0x00000fff]
[    0.000000] PM: Registered nosave memory: [mem 0x0009f000-0x0009ffff]
[    0.000000] PM: Registered nosave memory: [mem 0x000a0000-0x000effff]
[    0.000000] PM: Registered nosave memory: [mem 0x000f0000-0x000fffff]
[    0.000000] e820: [mem 0x40000000-0xfebfffff] available for PCI devices
[    0.000000] Booting paravirtualized kernel on KVM
[    0.000000] clocksource: refined-jiffies: mask: 0xffffffff max_cycles: 0xffffffff, max_idle_ns: 7645519600211568 ns
[    0.000000] random: get_random_bytes called from start_kernel+0x99/0x4fd with crng_init=0
[    0.000000] setup_percpu: NR_CPUS:8192 nr_cpumask_bits:2 nr_cpu_ids:2 nr_node_ids:1
[    0.000000] percpu: Embedded 46 pages/cpu @        (ptrval) s151552 r8192 d28672 u1048576
[    0.000000] PV qspinlock hash table entries: 256 (order: 0, 4096 bytes)
[    0.000000] Built 1 zonelists, mobility grouping on.  Total pages: 257913
[    0.000000] Policy zone: DMA32
[    0.000000] Kernel command line: BOOT_IMAGE=/boot/vmlinuz-4.15.0-46-generic root=UUID=3e590d34-5868-490c-8245-579e7f2d4f0b ro console=tty1 console=ttyS0
[    0.000000] Memory: 983080K/1048120K available (12300K kernel code, 2473K rwdata, 4252K rodata, 2408K init, 2416K bss, 65040K reserved, 0K cma-reserved)
[    0.000000] SLUB: HWalign=64, Order=0-3, MinObjects=0, CPUs=2, Nodes=1
[    0.000000] Kernel/User page tables isolation: enabled
[    0.000000] ftrace: allocating 39198 entries in 154 pages
[    0.004000] Hierarchical RCU implementation.
[    0.004000] 	RCU restricting CPUs from NR_CPUS=8192 to nr_cpu_ids=2.
[    0.004000] 	Tasks RCU enabled.
[    0.004000] RCU: Adjusting geometry for rcu_fanout_leaf=16, nr_cpu_ids=2
[    0.004000] NR_IRQS: 524544, nr_irqs: 440, preallocated irqs: 16
[    0.004000] Console: colour VGA+ 80x25
[    0.004000] console [tty1] enabled
[    0.004000] console [ttyS0] enabled
[    0.004000] ACPI: Core revision 20170831
[    0.004000] ACPI: 2 ACPI AML tables successfully acquired and loaded
[    0.004000] APIC: Switch to symmetric I/O mode setup
[    0.004000] x2apic enabled
[   0.004000] Switched APIC routing to physical x2apic.
[    0.010368] ..TIMER: vector=0x30 apic1=0 pin1=2 apic2=-1 pin2=-1

[    0.012013] tsc: Detected 1496.603 MHz processor
[    0.015466] Calibrating delay loop (skipped) preset value.. 2993.20 BogoMIPS (lpj=5986412)
[    0.016016] pid_max: default: 32768 minimum: 301
[    0.020076] Security Framework initialized
[    0.021585] Yama: becoming mindful.
[    0.024048] AppArmor: AppArmor initialized
[    0.030301] Dentry cache hash table entries: 131072 (order: 8, 1048576 bytes)
[    0.032195] Inode-cache hash table entries: 65536 (order: 7, 524288 bytes)
[    0.036035] Mount-cache hash table entries: 2048 (order: 2, 16384 bytes)
[    0.040023] Mountpoint-cache hash table entries: 2048 (order: 2, 16384 bytes)
[    0.042998] mce: CPU supports 0 MCE banks
[    0.044038] Last level iTLB entries: 4KB 512, 2MB 8, 4MB 8
[    0.045936] Last level dTLB entries: 4KB 512, 2MB 32, 4MB 32, 1GB 0
[    0.048007] Spectre V2 : Mitigation: Full generic retpoline
[    0.049934] Spectre V2 : Spectre v2 / SpectreRSB mitigation: Filling RSB on context switch
[    0.052007] Speculative Store Bypass: Vulnerable
[    0.056206] Freeing SMP alternatives memory: 36K
[    0.064000] smpboot: CPU0: Intel(R) Celeron(R) CPU 1007U @ 1.50GHz (family: 0x6, model: 0x3a, stepping: 0x9)
[    0.064000] Performance Events: unsupported p6 CPU model 58 no PMU driver, software events only.
[    0.064132] Hierarchical SRCU implementation.
[    0.069237] NMI watchdog: Perf event create on CPU 0 failed with -2
[    0.072008] NMI watchdog: Perf NMI watchdog permanently disabled
[    0.076081] smp: Bringing up secondary CPUs ...
[    0.080188] x86: Booting SMP configuration:
[    0.084007] .... node  #0, CPUs:      #1
[    0.004000] kvm-clock: cpu 1, msr 0:3ff44041, secondary cpu clock
[    0.004000] mce: CPU supports 0 MCE banks
[    0.132067] smp: Brought up 1 node, 2 CPUs
[    0.136018] smpboot: Max logical packages: 1
[    0.137630] smpboot: Total of 2 processors activated (5986.41 BogoMIPS)
[    0.140246] devtmpfs: initialized
[    0.144113] x86/mm: Memory block size: 128MB
[    0.146015] evm: security.selinux
[    0.147275] evm: security.SMACK64
[    0.148009] evm: security.SMACK64EXEC
[    0.152009] evm: security.SMACK64TRANSMUTE
[    0.153530] evm: security.SMACK64MMAP
[    0.154923] evm: security.apparmor
[    0.156005] evm: security.ima
[    0.157138] evm: security.capability
[    0.160219] clocksource: jiffies: mask: 0xffffffff max_cycles: 0xffffffff, max_idle_ns: 7645041785100000 ns
[    0.163587] futex hash table entries: 512 (order: 3, 32768 bytes)
[    0.164161] pinctrl core: initialized pinctrl subsystem
[    0.170228] RTC time:  3:53:01, date: 03/24/19
[    0.172396] NET: Registered protocol family 16
[    0.174165] audit: initializing netlink subsys (disabled)
[    0.180038] audit: type=2000 audit(1553399588.317:1): state=initialized audit_enabled=0 res=1
[    0.196023] cpuidle: using governor ladder
[    0.197569] cpuidle: using governor menu
[    0.200102] ACPI: bus type PCI registered
[    0.204007] acpiphp: ACPI Hot Plug PCI Controller Driver version: 0.5
[    0.208282] PCI: Using configuration type 1 for base access
[    0.216041] HugeTLB registered 2.00 MiB page size, pre-allocated 0 pages
[    0.220235] ACPI: Added _OSI(Module Device)
[    0.224023] ACPI: Added _OSI(Processor Device)
[    0.225714] ACPI: Added _OSI(3.0 _SCP Extensions)
[    0.228016] ACPI: Added _OSI(Processor Aggregator Device)
[    0.232014] ACPI: Added _OSI(Linux-Dell-Video)
[    0.236013] ACPI: Added _OSI(Linux-Lenovo-NV-HDMI-Audio)
[    0.237889] ACPI: Added _OSI(Linux-HPI-Hybrid-Graphics)
[    0.240670] ACPI: Executed 1 blocks of module-level executable AML code
[    0.254908] ACPI: Interpreter enabled
[    0.256039] ACPI: (supports S0 S5)
[    0.257372] ACPI: Using IOAPIC for interrupt routing
[    0.260658] PCI: Using host bridge windows from ACPI; if necessary, use "pci=nocrs" and report a bug
[    0.264426] ACPI: Enabled 2 GPEs in block 00 to 07
[    0.283246] ACPI: PCI Root Bridge [PCI0] (domain 0000 [bus 00-ff])
[    0.284031] acpi PNP0A03:00: _OSC: OS supports [ASPM ClockPM Segments MSI]
[    0.288097] acpi PNP0A03:00: _OSC: not requesting OS control; OS requires [ExtendedConfig ASPM ClockPM MSI]
[    0.292037] acpi PNP0A03:00: fail to add MMCONFIG information, can't access extended PCI configuration space under this bridge.
[    0.300113] PCI host bridge to bus 0000:00
[    0.302941] pci_bus 0000:00: root bus resource [io  0x0000-0x0cf7 window]
[    0.304012] pci_bus 0000:00: root bus resource [io  0x0d00-0xffff window]
[    0.308015] pci_bus 0000:00: root bus resource [mem 0x000a0000-0x000bffff window]
[    0.310670] pci_bus 0000:00: root bus resource [mem 0x40000000-0xfdffffff window]
[    0.312014] pci_bus 0000:00: root bus resource [bus 00-ff]
[    0.320321] pci 0000:00:01.1: legacy IDE quirk: reg 0x10: [io  0x01f0-0x01f7]
[    0.324014] pci 0000:00:01.1: legacy IDE quirk: reg 0x14: [io  0x03f6]
[    0.328016] pci 0000:00:01.1: legacy IDE quirk: reg 0x18: [io  0x0170-0x0177]
[    0.332015] pci 0000:00:01.1: legacy IDE quirk: reg 0x1c: [io  0x0376]
[    0.375880] pci 0000:00:07.0: quirk: [io  0x4000-0x403f] claimed by PIIX4 ACPI
[    0.380015] pci 0000:00:07.0: quirk: [io  0x4100-0x410f] claimed by PIIX4 SMB
[    0.414951] ACPI: PCI Interrupt Link [LNKA] (IRQs 5 9 10 *11)
[    0.416813] ACPI: PCI Interrupt Link [LNKB] (IRQs 5 9 *10 11)
[    0.420297] ACPI: PCI Interrupt Link [LNKC] (IRQs 5 *9 10 11)
[    0.422618] ACPI: PCI Interrupt Link [LNKD] (IRQs 5 9 10 *11)
[    0.424942] SCSI subsystem initialized
[    0.428119] pci 0000:00:02.0: vgaarb: setting as boot VGA device
[    0.432000] pci 0000:00:02.0: vgaarb: VGA device added: decodes=io+mem,owns=io+mem,locks=none
[    0.432014] pci 0000:00:02.0: vgaarb: bridge control possible
[    0.436007] vgaarb: loaded
[    0.437215] ACPI: bus type USB registered
[    0.440050] usbcore: registered new interface driver usbfs
[    0.442042] usbcore: registered new interface driver hub
[    0.444053] usbcore: registered new device driver usb
[    0.446199] EDAC MC: Ver: 3.0.0
[    0.448474] PCI: Using ACPI for IRQ routing
[    0.452645] NetLabel: Initializing
[    0.455177] NetLabel:  domain hash size = 128
[    0.456005] NetLabel:  protocols = UNLABELED CIPSOv4 CALIPSO
[    0.458077] NetLabel:  unlabeled traffic allowed by default
[    0.460156] clocksource: Switched to clocksource kvm-clock
[    0.488684] VFS: Disk quotas dquot_6.6.0
[    0.490277] VFS: Dquot-cache hash table entries: 512 (order 0, 4096 bytes)
[    0.492967] AppArmor: AppArmor Filesystem Enabled
[    0.494968] pnp: PnP ACPI init
[    0.498531] pnp: PnP ACPI: found 3 devices
[   .561 clocksource: acpi_pm: mask: 0xffffff max_cycles: 0xffffff, max_idle_ns: 2085701024 ns
[    0.752042] NET: Registered protocol family 2

[    0.759444] TCP established hash table entries: 8192 (order: 4, 65536 bytes)
[    0.765249] TCP bind hash table entries: 8192 (order: 5, 131072 bytes)
[   0.769731] TCP: Hash tables configured (established 8192 bind 8192)

[    0.846527] UDP hash table entries: 512 (order: 2, 16384 bytes)
[    0.849809] UDP-Lite hash table entries: 512 (order: 2, 16384 bytes)
[    0.853154] NET: Registered protocol family 1
[    0.855363] pci 0000:00:00.0: Limiting direct PCI/PCI transfers
[    0.858439] pci 0000:00:01.0: Activating ISA DMA hang workarounds
[    0.862017] pci 0000:00:02.0: Video device with shadowed ROM at [mem 0x000c0000-0x000dffff]
[    0.866469] Unpacking initramfs...
[    1.470356] Freeing initrd memory: 19504K
[    1.474072] platform rtc_cmos: registered platform RTC device (no PNP device found)
[    1.479292] Scanning for low memory corruption every 60 seconds
[    1.484220] Initialise system trusted keyrings
[    1.489729] Key type blacklist registered
[    1.491339] workingset: timestamp_bits=36 max_order=18 bucket_order=0
[    1.498006] zbud: loaded
[    1.503413] squashfs: version 4.0 (2009/01/31) Phillip Lougher
[    1.511104] fuse init (API version 7.26)
[    1.517772] Key type asymmetric registered
[    1.521808] Asymmetric key parser 'x509' registered
[    1.523624] Block layer SCSI generic (bsg) driver version 0.4 loaded (major 246)
[    1.526595] io scheduler noop registered
[    1.528138] io scheduler deadline registered
[    1.529884] io scheduler cfq registered (default)
[    1.532240] ACPI: AC Adapter [AC] (on-line)
[    1.533863] input: Power Button as /devices/LNXSYSTM:00/LNXPWRBN:00/input/input0
[    1.536687] ACPI: Power Button [PWRF]
[    1.538206] input: Sleep Button as /devices/LNXSYSTM:00/LNXSLPBN:00/input/input1
[    1.542657] ACPI: Sleep Button [SLPF]
[    1.546741] ACPI: Battery Slot [BAT0] (battery present)
[    1.561605] Serial: 8250/16550 driver, 32 ports, IRQ sharing enabled
[    1.589840] 00:02: ttyS0 at I/O 0x3f8 (irq = 4, base_baud = 115200) is a 16550A
[    1.602799] Linux agpgart interface v0.103
[    1.611859] loop: module loaded
[    1.615491] scsi host0: ata_piix
[    1.623962] scsi host1: ata_piix
[    1.638820] ata1: PATA max UDMA/33 cmd 0x1f0 ctl 0x3f6 bmdma 0xd000 irq 14
[    1.641658] ata2: PATA max UDMA/33 cmd 0x170 ctl 0x376 bmdma 0xd008 irq 15
[    1.648313] libphy: Fixed MDIO Bus: probed
[    1.649912] tun: Universal TUN/TAP device driver, 1.6
[    1.651769] PPP generic driver version 2.4.2
[    1.653536] ehci_hcd: USB 2.0 'Enhanced' Host Controller (EHCI) Driver
[    1.655793] ehci-pci: EHCI PCI platform driver
[    1.657465] ehci-platform: EHCI generic platform driver
[    1.659357] ohci_hcd: USB 1.1 'Open' Host Controller (OHCI) Driver
[    1.661764] ohci-pci: OHCI PCI platform driver
[    1.673551] ohci-platform: OHCI generic platform driver
[    1.676698] uhci_hcd: USB Universal Host Controller Interface driver
[    1.679717] i8042: PNP: PS/2 Controller [PNP0303:PS2K,PNP0f03:PS2M] at 0x60,0x64 irq 1,12
[    1.684525] serio: i8042 KBD port at 0x60,0x64 irq 1
[    1.689096] serio: i8042 AUX port at 0x60,0x64 irq 12
[    1.691096] mousedev: PS/2 mouse device common for all mice
[    1.693741] input: AT Translated Set 2 keyboard as /devices/platform/i8042/serio0/input/input2
[    1.697878] rtc_cmos rtc_cmos: rtc core: registered rtc_cmos as rtc0
[    1.703378] rtc_cmos rtc_cmos: alarms up to one day, 114 bytes nvram
[    1.705670] i2c /dev entries driver
[    1.706983] pcie_mp2_amd: AMD(R) PCI-E MP2 Communication Driver Version: 1.0
[    1.709624] device-mapper: uevent: version 1.0.3
[    1.711707] device-mapper: ioctl: 4.37.0-ioctl (2017-09-20) initialised: dm-devel@redhat.com
[    1.723251] ledtrig-cpu: registered to indicate activity on CPUs
[    1.732631] NET: Registered protocol family 10
[    1.745596] Segment Routing with IPv6
[    1.749513] NET: Registered protocol family 17
[    1.751272] Key type dns_resolver registered
[    1.754747] RAS: Correctable Errors collector initialized.
[    1.758616] sched_clock: Marking stable (1758565980, 0)->(2812718386, -1054152406)
[    1.762675] registered taskstats version 1
[    1.766242] Loading compiled-in X.509 certificates
[    1.773734] Loaded X.509 cert 'Build time autogenerated kernel key: b873a790e41754b50f7dbae45b6bd46229c3c73f'
[    1.783856] zswap: loaded using pool lzo/zbud
[    1.794365] Key type big_key registered
[    1.804218] Key type trusted registered
[    1.809924] Key type encrypted registered
[    1.814171] AppArmor: AppArmor sha1 policy hashing enabled
[    1.825060] ima: No TPM chip found, activating TPM-bypass! (rc=-19)
[    1.827407] ima: Allocated hash algorithm: sha1
[    1.829298] evm: HMAC attrs: 0x1
[    1.831100]   Magic number: 11:439:867
[    1.832758] rtc_cmos rtc_cmos: setting system clock to 2019-03-24 03:53:03 UTC (1553399583)
[    1.835925] BIOS EDD facility v0.16 2004-Jun-25, 0 devices found
[    1.840061] EDD information not available.
[    1.846722] Freeing unused kernel memory: 2408K
[    1.880206] Write protecting the kernel read-only data: 20480k
[    1.903038] Freeing unused kernel memory: 2008K
[    1.917463] Freeing unused kernel memory: 1892K
[    1.960335] x86/mm: Checked W+X mappings: passed, no W+X pages found.
[    1.982227] x86/mm: Checking user space page tables
[    2.003340] x86/mm: Checked W+X mappings: passed, no W+X pages found.
Loading, please wait...
starting version 237
[    2.338437] e1000: Intel(R) PRO/1000 Network Driver - version 7.3.21-k8-NAPI
[    2.348706] e1000: Copyright (c) 1999-2006 Intel Corporation.
[    2.374034] Fusion MPT base driver 3.04.20
[    2.391248] Copyright (c) 1999-2008 LSI Corporation
[    2.492215] Fusion MPT SPI Host driver 3.04.20
[    2.533042] tsc: Refined TSC clocksource calibration: 1496.220 MHz
[    2.536236] clocksource: tsc: mask: 0xffffffffffffffff max_cycles: 0x15912fc59d0, max_idle_ns: 440795240326 ns
[    2.641090] input: ImExPS/2 Generic Explorer Mouse as /devices/platform/i8042/serio1/input/input4
[    2.937277] e1000 0000:00:03.0 eth0: (PCI:33MHz:32-bit) 02:db:17:3a:0e:c2
[    2.985741] e1000 0000:00:03.0 eth0: Intel(R) PRO/1000 Network Connection
[    2.990470] mptbase: ioc0: Initiating bringup
[    3.089343] ioc0: LSI53C1030 A0: Capabilities={Initiator}
[    3.392383] scsi host2: ioc0: LSI53C1030 A0, FwRev=00000000h, Ports=1, MaxQ=256, IRQ=20
[    3.659142] scsi 2:0:0:0: Direct-Access     VBOX     HARDDISK         1.0  PQ: 0 ANSI: 5
[    3.705626] scsi target2:0:0: Beginning Domain Validation
[    3.768641] scsi target2:0:0: Domain Validation skipping write tests
[    3.770969] scsi target2:0:0: Ending Domain Validation
[    3.772937] scsi target2:0:0: asynchronous
[    3.775274] scsi 2:0:1:0: Direct-Access     VBOX     HARDDISK         1.0  PQ: 0 ANSI: 5
[    4.132530] scsi target2:0:1: Beginning Domain Validation
[    4.164504] random: fast init done
[    4.167834] scsi target2:0:1: Domain Validation skipping write tests
[    4.174262] e1000 0000:00:08.0 eth1: (PCI:33MHz:32-bit) 08:00:27:33:9c:47
[    4.174272] e1000 0000:00:08.0 eth1: Intel(R) PRO/1000 Network Connection
[    4.200821] random: systemd-udevd: uninitialized urandom read (16 bytes read)
[    4.200930] random: systemd-udevd: uninitialized urandom read (16 bytes read)
[    4.200939] random: systemd-udevd: uninitialized urandom read (16 bytes read)
[    4.211315] e1000 0000:00:08.0 enp0s8: renamed from eth1
[    4.334400] scsi target2:0:1: Ending Domain Validation
[    4.363244] scsi target2:0:1: asynchronous
[    4.430958] e1000 0000:00:03.0 enp0s3: renamed from eth0
[    4.550608] sd 2:0:0:0: Attached scsi generic sg0 type 0
[    4.577660] sd 2:0:1:0: Attached scsi generic sg1 type 0
[    4.580116] sd 2:0:0:0: [sda] 20971520 512-byte logical blocks: (10.7 GB/10.0 GiB)
[    4.582989] sd 2:0:0:0: [sda] Write Protect is off
[    4.593588] sd 2:0:1:0: [sdb] 20480 512-byte logical blocks: (10.5 MB/10.0 MiB)
[    4.596671] sd 2:0:1:0: [sdb] Write Protect is off
[    4.598603] sd 2:0:0:0: [sda] Incomplete mode parameter data
[    4.601763] sd 2:0:0:0: [sda] Assuming drive cache: write through
[    4.603946] sd 2:0:1:0: [sdb] Incomplete mode parameter data
[    4.611704] sd 2:0:1:0: [sdb] Assuming drive cache: write through
[    4.627129]  sda: sda1
[    4.632586] sd 2:0:0:0: [sda] Attached SCSI disk
[    4.641814] sd 2:0:1:0: [sdb] Attached SCSI disk
Begin: Loading essential drivers ... [    6.636050] raid6: sse2x1   gen()  4201 MB/s
[    6.684043] raid6: sse2x1   xor()  3006 MB/s
[    6.736572] raid6: sse2x2   gen()  4911 MB/s
[    6.784392] raid6: sse2x2   xor()  3307 MB/s
[    6.832304] raid6: sse2x4   gen()  5789 MB/s
[    6.880291] raid6: sse2x4   xor()  3997 MB/s
[    6.890054] raid6: using algorithm sse2x4 gen() 5789 MB/s
[    6.897268] raid6: .... xor() 3997 MB/s, rmw enabled
[    6.899024] raid6: using ssse3x2 recovery algorithm
[    6.904205] xor: measuring software checksum speed
[    6.952105]    prefetch64-sse:  8951.000 MB/sec
[    7.008753]    generic_sse:  7202.000 MB/sec
[    7.018418] xor: using function: prefetch64-sse (8951.000 MB/sec)
[    7.032466] async_tx: api initialized (async)
done.
Begin: Running /scripts/init-premount ... done.
Begin: Mounting root file system ... Begin: Running /scripts/local-top ... done.
Begin: Running /scripts/local-premount ... [    7.142882] Btrfs loaded, crc32c=crc32c-intel
Scanning for Btrfs filesystems
done.
Warning: fsck not present, so skipping root file system
[    7.275587] EXT4-fs (sda1): mounted filesystem with ordered data mode. Opts: (null)
done.
Begin: Running /scripts/local-bottom ... done.
Begin: Running /scripts/init-bottom ... done.
[    9.542385] random: crng init done
[    9.544485] random: 7 urandom warning(s) missed due to ratelimiting
[   10.065836] ip_tables: (C) 2000-2006 Netfilter Core Team
[   10.459986] systemd[1]: systemd 237 running in system mode. (+PAM +AUDIT +SELINUX +IMA +APPARMOR +SMACK +SYSVINIT +UTMP +LIBCRYPTSETUP +GCRYPT +GNUTLS +ACL +XZ +LZ4 +SECCOMP +BLKID +ELFUTILS +KMOD -IDN2 +IDN -PCRE2 default-hierarchy=hybrid)
[   11.273056] systemd[1]: Detected virtualization oracle.
[   11.291189] systemd[1]: Detected architecture x86-64.

Welcome to [1mUbuntu 18.04.2 LTS[0m!

[   11.930257] systemd[1]: Set hostname to <ubuntu-bionic>.
[   14.023240] systemd[1]: Reached target User and Group Name Lookups.
[[0;32m  OK  [0m] Reached target User and Group Name Lookups.
[   14.303451] systemd[1]: Set up automount Arbitrary Executable File Formats File System Automount Point.
[[0;32m  OK  [0m] Set up automount Arbitrary Executab…rmats File System Automount Point.
[   14.338788] systemd[1]: Created slice System Slice.
[[0;32m  OK  [0m] Created slice System Slice.
[   14.662113] systemd[1]: Listening on LVM2 metadata daemon socket.
[[0;32m  OK  [0m] Listening on LVM2 metadata daemon socket.
[   14.720793] systemd[1]: Listening on Journal Audit Socket.
[[0;32m  OK  [0m] Listening on Journal Audit Socket.
[   14.726356] systemd[1]: Listening on /dev/initctl Compatibility Named Pipe.
[[0;32m  OK  [0m] Listening on /dev/initctl Compatibility Named Pipe.
[[0;32m  OK  [0m] Reached target Swap.
[[0;32m  OK  [0m] Listening on LVM2 poll daemon socket.
[[0;32m  OK  [0m] Listening on Syslog Socket.
[[0;32m  OK  [0m] Listening on Journal Socket.
         Mounting Kernel Debug File System...
         Mounting POSIX Message Queue File System...
         Starting Uncomplicated firewall...
         Starting Create list of required st…ce nodes for the current kernel...
         Starting Set the console keyboard layout...
         Starting Remount Root and Kernel File Systems...
         Starting Load Kernel Modules...
         Mounting Huge Pages File System...
[[0;32m  OK  [0m] Started Forward Password Requests to Wall Directory Watch.
[[0;32m  OK  [[   15.121377] Loading iSCSI transport class v2.0-870.
0m] Listening on udev Kernel Socket.
[[0;32m  OK  [0m] Listening on Network Service Netlink Socket.
[   15.399568] iscsi: registered transport (tcp)
[   15.548482] systemd[1]: Created slice system-serial\x2dgetty.slice.
[[0;32m  OK  [0m] Created slice system-serial\x2dgetty.slice.
[   15.593236] systemd[1]: Listening on udev Control Socket.
[[0;32m  OK  [0m] Listening on udev Control Socket.
[   15.721357] systemd[1]: Starting udev Coldplug all Devices...
         Startin[   15.734047] EXT4-fs (sda1): re-mounted. Opts: (null)
g udev Coldplug all Devices...
[   15.755667] systemd[1]: Listening on Journal Socket (/dev/log).
[[0;32m  OK  [0m] Listening on Journal Socket (/dev/log).
[   15.871519] systemd[1]: Starting Journal Service...
         Starting Journal Service...
[   15.878873] systemd[1]: Created slice User and Session Slice.
[[0;32m  OK  [0m] Created slice User and Session Slice.
[   15.888760] systemd[1]: Reached target Slices.
[[0;32m  OK  [0m] Reached target Slices.
[   15.899369] systemd[1]: Reached target System Time Synchronized.
[[0;32m  OK  [0m] Reached target System Time Synchronized.
[   15.911887] systemd[1]: Listening on Device-mapper event daemon FIFOs.
[[0;32m  OK  [0m] Listening on Device-mapper event daemon FIFOs.
[   15.953552] systemd[1]: Starting Monitoring of LVM2 mirrors, snapshots etc. using dmeventd or progress polling...
         Starting Monitoring of LVM2 mirrors…ng dmeventd or progress polling...
[[0;32m  OK  [0m] Mounted Kernel Debug File System.
[[0;32m  OK  [0m] Mounted POSIX Message Queue File System.
[[0;32m  OK  [0m] Started Uncomplicated firewall.
[[0;32m  OK  [0m] Started Create list of required sta…vice nodes for the current kernel.
[[0;32m  OK  [0m] Started Remount Root and Kernel File Systems.
[[0;32m  OK  [0m] Mounted Huge Pages File System.
         Starting Initial cloud-init job (pre-networking)...
         Starting Load/Save Random Seed...
         Starting Create Static Device Nodes in /dev...
[[0;32m  OK  [0m] Started Journal Service.
[[0;32m  OK  [0m] Started Set [   16.608757] iscsi: registered transport (iser)
the console keyboard layout.
[[0;32m  OK  [0m] Started udev Coldplug all Devices.
[[0;32m  OK  [0m] Started Load Kernel Modules.
[[0;32m  OK  [0m] Started Load/Save Random Seed.
[[0;32m  OK  [0m] Started LVM2 metadata daemon.
         Starting Apply Kernel Variables...
         Mounting FUSE Control File System...
         Mounting Kernel Configuration File System...
         Starting Flush Journal to Persistent Storage...
[[0;32m  OK  [0m] Started Create Static Device Nodes in /dev.
[[0;32m  OK  [0m] Mounted FUSE Control File System.
[[0;32m  OK  [0m] Started Apply Kernel Variables.
[[0;32m  OK  [0m] Mounted Kernel Configuration File System.
         Starting udev Kernel Device Manager...
[[0;32m  OK  [0m] Started udev Kernel Device Manager.
[[0;32m  OK  [0m] Started Dispatch Password Requests to Console Directory Watch.
[[0;32m  OK  [0m] Reached target Local Encrypted Volumes.
[[0;32m  OK  [0m] Started Monitoring of LVM2 mirrors,…sing dmeventd or progress polling.
[[0;32m  OK  [0m] Reached target Local File Systems (Pre).
[[0;32m  OK  [0m] Reached target Local File Systems.
         Starting Set console font and keymap...
         Starting Tell Plymouth To Write Out Runtime Data...
         Starting ebtables ruleset management...
         Starting AppArmor initialization...
[[0;32m  OK  [0m] Started Set console font and keymap.
[[0;32m  OK  [0m] Started Tell Plymouth To Write Out Runtime Data.
[[0;32m  OK  [0m] Found device /dev/ttyS0.
[[0;32m  OK  [0m] Listening on Load/Save RF Kill Switch Status /dev/rfkill Watch.
[[0;32m  OK  [0m] Started Flush Journal to Persistent Storage.
         Starting Create Volatile Files and Directories...
[[0;32m  OK  [0m] Started ebtables ruleset management.
[[0;32m  OK  [0m] Started Create Volatile Files and Directories.
         Starting Update UTMP about System Boot/Shutdown...
[[0;32m  OK  [0m] Started Update UTMP about System Boot/Shutdown.
[[0;32m  OK  [0m] Started AppArmor initialization.
[   26.584264] cloud-init[402]: Cloud-init v. 18.4-0ubuntu1~18.04.1 running 'init-local' at Sun, 24 Mar 2019 03:53:27 +0000. Up 25.73 seconds.
[[0;32m  OK  [0m] Started Initial cloud-init job (pre-networking).
[[0;32m  OK  [0m] Reached target Network (Pre).
         Starting Network Service...
[[0;32m  OK  [0m] Started Network Service.
         Starting Network Name Resolution...
         Starting Wait for Network to be Configured...
[[0;32m  OK  [0m] Started Network Name Resolution.
[[0;32m  OK  [0m] Reached target Host and Network Name Lookups.
[[0;32m  OK  [0m] Reached target Network.
[[0;32m  OK  [0m] Started Wait for Network to be Configured.
         Starting Initial cloud-init job (metadata service crawler)...
[   29.906589] cloud-init[663]: Cloud-init v. 18.4-0ubuntu1~18.04.1 running 'init' at Sun, 24 Mar 2019 03:53:31 +0000. Up 29.38 seconds.
[   29.918595] cloud-init[663]: ci-info: ++++++++++++++++++++++++++++++++++++++Net device info+++++++++++++++++++++++++++++++++++++++
[   29.931184] cloud-init[663]: ci-info: +--------+------+-----------------------------+---------------+--------+-------------------+
[   29.935597] cloud-init[663]: ci-info: | Device |  Up  |           Address           |      Mask     | Scope  |     Hw-Address    |
[   29.943515] cloud-init[663]: ci-info: +--------+------+-----------------------------+---------------+--------+-------------------+
[   30.001857] cloud-init[663]: ci-info: | enp0s3 | True |          10.0.2.15          | 255.255.255.0 | global | 02:db:17:3a:0e:c2 |
[   30.024781] cloud-init[663]: ci-info: | enp0s3 | True |  fe80::db:17ff:fe3a:ec2/64  |       .       |  link  | 02:db:17:3a:0e:c2 |
[   30.029919] cloud-init[663]: ci-info: | enp0s8 | True |        192.168.33.10        | 255.255.255.0 | global | 08:00:27:33:9c:47 |
[   30.039796] cloud-init[663]: ci-info: | enp0s8 | True | fe80::a00:27ff:fe33:9c47/64 |       .       |  link  | 08:00:27:33:9c:47 |
[   30.046656] cloud-init[663]: ci-info: |   lo   | True |          127.0.0.1          |   255.0.0.0   |  host  |         .         |
[   30.051431] cloud-init[663]: ci-info: |   lo   | True |           ::1/128           |       .       |  host  |         .         |
[   30.055782] cloud-init[663]: ci-info: +--------+------+-----------------------------+---------------+--------+-------------------+
[   30.092242] cloud-init[663]: ci-info: +++++++++++++++++++++++++++++Route IPv4 info+++++++++++++++++++++++++++++
[   30.096838] cloud-init[663]: ci-info: +-------+--------------+----------+-----------------+-----------+-------+
[   30.100940] cloud-init[663]: ci-info: | Route | Destination  | Gateway  |     Genmask     | Interface | Flags |
[   30.104716] cloud-init[663]: ci-info: +-------+--------------+----------+-----------------+-----------+-------+
[   30.109815] cloud-init[663]: ci-info: |   0   |   0.0.0.0    | 10.0.2.2 |     0.0.0.0     |   enp0s3  |   UG  |
[   30.115908] cloud-init[663]: ci-info: |   1   |   10.0.2.0   | 0.0.0.0  |  255.255.255.0  |   enp0s3  |   U   |
[   30.121710] cloud-init[663]: ci-info: |   2   |   10.0.2.2   | 0.0.0.0  | 255.255.255.255 |   enp0s3  |   UH  |
[   30.127038] cloud-init[663]: ci-info: |   3   | 192.168.33.0 | 0.0.0.0  |  255.255.255.0  |   enp0s8  |   U   |
[   30.130882] cloud-init[663]: ci-info: +-------+--------------+----------+-----------------+-----------+-------+
[   30.134710] cloud-init[663]: ci-info: +++++++++++++++++++Route IPv6 info+++++++++++++++++++
[   30.152388] cloud-init[663]: ci-info: +-------+-------------+---------+-----------+-------+
[   30.159499] cloud-init[663]: ci-info: | Route | Destination | Gateway | Interface | Flags |
[   30.220921] cloud-init[663]: ci-info: +-------+-------------+---------+-----------+-------+
[   30.296572] cloud-init[663]: ci-info: |   1   |  fe80::/64  |    ::   |   enp0s8  |   U   |
[   30.388577] cloud-init[663]: ci-info: |   2   |  fe80::/64  |    ::   |   enp0s3  |   U   |
[   30.444425] cloud-init[663]: ci-info: |   4   |    local    |    ::   |   enp0s3  |   U   |
[   30.493130] cloud-init[663]: ci-info: |   5   |    local    |    ::   |   enp0s8  |   U   |
[   30.545007] cloud-init[663]: ci-info: |   6   |   ff00::/8  |    ::   |   enp0s8  |   U   |
[   30.577427] cloud-init[663]: ci-info: |   7   |   ff00::/8  |    ::   |   enp0s3  |   U   |
[   30.604646] cloud-init[663]: ci-info: +-------+-------------+---------+-----------+-------+
[[0;32m  OK  [0m] Started Initial cloud-init job (metadata service crawler).
[[0;32m  OK  [0m] Reached target Network is Online.
[[0;32m  OK  [0m] Reached target Remote File Systems (Pre).
[[0;32m  OK  [0m] Reached target Remote File Systems.
         Starting Availability of block devices...
[[0;32m  OK  [0m] Reached target System Initialization.
         Starting Socket activation for snappy daemon.
[[0;32m  OK  [0m] Started Daily Cleanup of Temporary Directories.
[[0;32m  OK  [0m] Listening on ACPID Listen Socket.
[[0;32m  OK  [0m] Listening on D-Bus System Message Bus Socket.
[[0;32m  OK  [0m] Started ACPI Events Check.
[[0;32m  OK  [0m] Reached target Paths.
[[0;32m  OK  [0m] Started Discard unused blocks once a week.
[[0;32m  OK  [0m] Listening on Open-iSCSI iscsid Socket.
[[0;32m  OK  [0m] Listening on UUID daemon activation socket.
         Starting LXD - unix socket.
[[0;32m  OK  [0m] Started Message of the Day.
[[0;32m  OK  [0m] Started Daily apt download activities.
[[0;32m  OK  [0m] Started Daily apt upgrade and clean activities.
[[0;32m  OK  [0m] Reached target Timers.
[[0;32m  OK  [0m] Reached target Cloud-config availability.
[[0;32m  OK  [0m] Started Availability of block devices.
[[0;32m  OK  [0m] Listening on Socket activation for snappy daemon.
[[0;32m  OK  [0m] Listening on LXD - unix socket.
[[0;32m  OK  [0m] Reached target Sockets.
[[0;32m  OK  [0m] Reached target Basic System.
         Starting Accounts Service...
         Starting vboxadd.service...
         Starting System Logging Service...
         Starting Dispatcher daemon for systemd-networkd...
[[0;32m  OK  [0m] Started irqbalance daemon.
         Starting LSB: automatic crash report generation...
[[0;32m  OK  [0m] Started Deferred execution scheduler.
         Starting Permit User Sessions...
[[0;32m  OK  [0m] Started FUSE filesystem for LXC.
         Starting Login Service...
         Starting Discard unused blocks...
         Starting LSB: Record successful boot for GRUB...
         Starting LXD - container startup/shutdown...
[[0;32m  OK  [0m] Started Regular background program processing daemon.
         Starting OpenBSD Secure Shell server...
[[0;32m  OK  [0m] Started D-Bus System Message Bus.
[[0;32m  OK  [0m] Started Login Service.
[[0;32m  OK  [0m] Started Unattended Upgrades Shutdown.
         Starting Snappy daemon...
[[0;32m  OK  [0m] Started System Logging Service.
[[0;32m  OK  [0m] Started Permit User Sessions.
[[0;32m  OK  [0m] Started Discard unused blocks.
         Starting Terminate Plymouth Boot Screen...
         Starting Hold until boot process finishes up...
[[0;32m  OK  [0m] Started Hold until boot process finishes up.
         Starting Set console scheme...
[[0;32m  OK  [0m] Started Serial Getty on ttyS0.
[[0;32m  OK  [0m] Started Terminate Plymouth Boot Screen.
[[0;32m  OK  [0m] Started Set console scheme.
[[0;32m  OK  [0m] Created slice system-getty.slice.
[[0;32m  OK  [0m] Started Getty on tty1.
[[0;32m  OK  [0m] Reached target Login Prompts.
         Starting Authorization Manager...
[[0;32m  OK  [0m] Started vboxadd.service.
[[0;32m  OK  [0m] Started LSB: Record successful boot for GRUB.
         Starting vboxadd-service.service...
[[0;32m  OK  [0m] Started LSB: automatic crash report generation.
[[0;32m  OK  [0m] Started OpenBSD Secure Shell server.
[[0;32m  OK  [0m] Started Authorization Manager.
[[0;32m  OK  [0m] Started Accounts Service.
[[0;32m  OK  [0m] Started Dispatcher daemon for systemd-networkd.
[[0;32m  OK  [0m] Started vboxadd-service.service.
[[0;32m  OK  [0m] Created slice User Slice of vagrant.
         Starting User Manager for UID 1000...
[[0;32m  OK  [0m] Started Session 1 of user vagrant.
[[0;32m  OK  [0m] Started Snappy daemon.
         Starting Wait until snapd is fully seeded...
[[0;32m  OK  [0m] Started Wait until snapd is fully seeded.
         Starting Apply the settings specified in cloud-config...
[[0;32m  OK  [0m] Started LXD - container startup/shutdown.
[[0;32m  OK  [0m] Reached target Multi-User System.
[[0;32m  OK  [0m] Reached target Graphical Interface.
         Starting Update UTMP about System Runlevel Changes...
[[0;32m  OK  [0m] Started Update UTMP about System Runlevel Changes.
[[0;32m  OK  [0m] Started User Manager for UID 1000.
[   40.099783] cloud-init[1175]: Cloud-init v. 18.4-0ubuntu1~18.04.1 running 'modules:config' at Sun, 24 Mar 2019 03:53:41 +0000. Up 39.60 seconds.

Ubuntu 18.04.2 LTS ubuntu-bionic ttyS0

ubuntu-bionic login: [   41.902489] cloud-init[1288]: Cloud-init v. 18.4-0ubuntu1~18.04.1 running 'modules:final' at Sun, 24 Mar 2019 03:53:43 +0000. Up 41.55 seconds.
[   41.902845] cloud-init[1288]: Cloud-init v. 18.4-0ubuntu1~18.04.1 finished at Sun, 24 Mar 2019 03:53:43 +0000. Datasource DataSourceNoCloud [seed=/dev/sdb][dsmode=net].  Up 41.87 seconds
         Starting Socket activation for snappy daemon.
[[0;32m  OK  [0m] Listening on Socket activation for snappy daemon.
         Starting Wait until snapd is fully seeded...
         Starting Snappy daemon...
[[0;32m  OK  [0m] Started Snappy daemon.
[[0;32m  OK  [0m] Started Wait until snapd is fully seeded.
[[0;32m  OK  [0m] Started Daily apt upgrade and clean activities.
         Stopping Availability of block devices...
[[0;32m  OK  [0m] Closed Load/Save RF Kill Switch Status /dev/rfkill Watch.
         Stopping Authorization Manager...
         Stopping Session 8 of user vagrant.
[[0;32m  OK  [0m] Stopped target Timers.
[[0;32m  OK  [0m] Stopped Discard unused blocks once a week.
[[0;32m  OK  [0m] Stopped Message of the Day.
[[0;32m  OK  [0m] Stopped target Host and Network Name Lookups.
[[0;32m  OK  [0m] Stopped target Graphical Interface.
[[0;32m  OK  [0m] Stopped Daily C[[0;32m  OK  [0m] Unmounted /var/lib/lxcfs.
[[0;32m  OK  [0m] Stopped Accounts Service.
[[0;32m  OK  [0m] Stopped System Logging Service.
[[0;32m  OK  [0m] Stopped Dispatcher daemon for systemd-networkd.
[[0;32m  OK  [0m] Stopped irqbalance daemon.
[[0;32m  OK  [0m] Stopped Deferred execution scheduler.
[[0;32m  OK  [0m] Stopped Regular background program processing daemon.
[[0;32m  OK  [0m] Stopped Unattended Upgrades Shutdown.
[[0;32m  OK  [0m] Stopped Serial Getty on ttyS0.
[[0;32m  OK  [0m] Stopped Getty on tty1.
[[0;32m  OK  [0m] Stopped Authorization Manager.
[[0;32m  OK  [0m] Stopped OpenBSD Secure Shell server.
[[0;32m  OK  [0m] Stopped User Manager for UID 1000.
[[0;32m  OK  [0m] Stopped Availability of block devices.
[[0;32m  OK  [0m] Stopped D-Bus System Message Bus.
[[0;32m  OK  [0m] Stopped FUSE filesystem for LXC.
[[0;32m  OK  [0m] Stopped Session 8 of user vagrant.
[[0;32m  OK  [0m] Stopped LSB: Record successful boot for GRUB.
[[0;32m  OK  [0m] Stopped LXD - container startup/shutdown.
[[0;32m  OK  [0m] Stopped LSB: automatic crash report generation.
[[0;32m  OK  [0m] Removed slice User Slice of vagrant.
[[0;32m  OK  [0m] Removed slice system-getty.slice.
         Stopping Permit User Sessions...
[[0;32m  OK  [0m] Removed slice system-serial\x2dgetty.slice.
         Stopping Login Service...
[[0;32m  OK  [0m] Stopped Permit User Sessions.
[[0;32m  OK  [0m] Stopped Login Service.
[[0;32m  OK  [0m] Stopped vboxadd-service.service.
         Stopping vboxadd.service...
[[0;32m  OK  [0m] Stopped target Remote File Systems.
[[0;32m  OK  [0m] Stopped target Remote File Systems (Pre).
[[0;32m  OK  [0m] Stopped target Network.
         Stopping Network Name Resolution...
[[0;32m  OK  [0m] Stopped target User and Group Name Lookups.
[[0;32m  OK  [0m] Stopped Network Name Resolution.
         Stopping Network Service...
[[0;32m  OK  [0m] Stopped Network Service.
[[0;32m  OK  [0m] Stopped target Network (Pre).
[[0;32m  OK  [0m] Unmounted /vagrant.
[[0;32m  OK  [0m] Stopped vboxadd.service.
[[0;32m  OK  [0m] Stopped target Basic System.
[[0;32m  OK  [0m] Stopped target Paths.
[[0;32m  OK  [0m] Stopped ACPI Events Check.
[[0;32m  OK  [0m] Stopped target Sockets.
[[0;32m  OK  [0m] Closed ACPID Listen Socket.
[[0;32m  OK  [0m] Closed Open-iSCSI iscsid Socket.
[[0;32m  OK  [0m] Closed Syslog Socket.
[[0;32m  OK  [0m] Closed LXD - unix socket.
[[0;32m  OK  [0m] Closed Socket activation for snappy daemon.
[[0;32m  OK  [0m] Closed D-Bus System Message Bus Socket.
[[0;32m  OK  [0m] Closed UUID daemon activation socket.
[[0;32m  OK  [0m] Stopped target Slices.
[[0;32m  OK  [0m] Removed slice User and Session Slice.
[[0;32m  OK  [0m] Stopped target System Initialization.
[[0;32m  OK  [0m] Stopped target Local Encrypted Volumes.
[[0;32m  OK  [0m] Stopped Dispatch Password Requests to Console Directory Watch.
[[0;32m  OK  [0m] Stopped Forward Password Requests to Wall Directory Watch.
         Stopping Load/Save Random Seed...
[[0;32m  OK  [0m] Stopped Apply Kernel Variables.
[[0;32m  OK  [0m] Stopped Load Kernel Modules.
[[0;32m  OK  [0m] Stopped Initial cloud-init job (metadata service crawler).
[[0;32m  OK  [0m] Stopped Initial cloud-init job (pre-networking).
         Stopping Update UTMP about System Boot/Shutdown...
[[0;32m  OK  [0m] Stopped Load/Save Random Seed.
[[0;32m  OK  [0m] Stopped Update UTMP about System Boot/Shutdown.
[[0;32m  OK  [0m] Stopped Create Volatile Files and Directories.
[[0;32m  OK  [0m] Stopped target Local File Systems.
         Unmounting /run/user/1000...
[[0;32m  OK  [0m] Unmounted /run/user/1000.
[[0;32m  OK  [0m] Reached target Unmount All Filesystems.
[[0;32m  OK  [0m] Stopped target Local File Systems (Pre).
[[0;32m  OK  [0m] Stopped Create Static Device Nodes in /dev.
[[0;32m  OK  [0m] Stopped Remount Root and Kernel File Systems.
         Stopping Monitoring of LVM2 mirrors…ng dmeventd or progress polling...
[[0;32m  OK  [0m] Stopped target Swap.
[[0;32m  OK  [0m] Reached target Shutdown.
[[0;32m  OK  [0m] Reached target Final Step.
         Starting Power-Off...
[ 2970.874906] reboot: Power down
